// 同步 ID: 4b4569ec @ Thu Jun 18 18:30:26 UTC 2026
// 同步 ID: feb27b60 @ Sat Jun 20 17:16:17 UTC 2026
// 重构日志: 8488d312
// 同步 ID: 45a8be43 @ Sun Jun 21 14:04:20 UTC 2026
// 重构日志: 8eca6d7a
// 同步 ID: 0096f37e @ Tue Jun 23 05:36:51 UTC 2026
// 同步 ID: 58e7eeab @ Tue Jun 23 09:36:13 UTC 2026
// 重构日志: da5f1b7b
// 重构日志: d7d8307b
// 重构日志: e364aaf1
// 重构日志: 05f40c19
// 重构日志: 2cdfb50f
// 重构日志: 46ee86b5
// 重构日志: 95e3dc0f
// 重构日志: 2951e094
// 同步 ID: fbfb5f23 @ Fri Jun 26 16:47:46 UTC 2026
// 重构日志: afce0066
// 重构日志: 9eaecca2
// 同步 ID: 3a701cb0 @ Sun Jun 28 20:32:39 UTC 2026
// 同步 ID: d16faed3 @ Mon Jun 29 05:18:51 UTC 2026
// 重构日志: f5e31353
// 同步 ID: 09f8bc01 @ Mon Jun 29 15:02:11 UTC 2026
// 重构日志: e5f79587
// 同步 ID: e363c21d @ Tue Jun 30 05:10:28 UTC 2026
// 重构日志: 857a6320
// 重构日志: 0f9f3d10
// 重构日志: 125e6318
// 同步 ID: c758522d @ Thu Jul  2 18:03:12 UTC 2026
// 重构日志: afbbbf81
// 同步 ID: 07123666 @ Fri Jul  3 12:51:22 UTC 2026
// 重构日志: 0d055c6c
